<?xml version="1.0" encoding="UTF-8"?>
<!-- Generated by org.testng.reporters.JUnitReportReporter -->
<testsuite skipped="0" hostname="Gustavos-MacBook-Air.local" name="TestCases.CreateAccount" tests="1" failures="0" timestamp="09 Apr 2020 03:48:40 GMT" time="14.295" errors="0">
  <testcase name="test" time="14.295" classname="TestCases.CreateAccount"/>
</testsuite> <!-- TestCases.CreateAccount -->
